c:\workspace\metalslug\metalslug\debug\vc143.pdb
c:\workspace\metalslug\metalslug\debug\vc143.idb
c:\workspace\metalslug\metalslug\debug\effectmgr.obj
c:\workspace\metalslug\metalslug\debug\enemymgr.obj
c:\workspace\metalslug\metalslug\debug\bulletmgr.obj
c:\workspace\metalslug\metalslug\debug\gamemgr.obj
c:\workspace\metalslug\metalslug\debug\app.obj
c:\workspace\metalslug\metalslug\debug\animationmgr.obj
c:\workspace\metalslug\metalslug\debug\mosque.obj
c:\workspace\metalslug\metalslug\debug\arabmelee.obj
c:\workspace\metalslug\metalslug\debug\arabburserker.obj
c:\workspace\metalslug\metalslug\debug\procplayer.obj
c:\workspace\metalslug\metalslug\debug\procobject.obj
c:\workspace\metalslug\metalslug\debug\procfield.obj
c:\workspace\metalslug\metalslug\debug\procenemy.obj
c:\workspace\metalslug\metalslug\debug\procbullets.obj
c:\workspace\metalslug\metalslug\debug\proc.obj
c:\workspace\metalslug\metalslug\debug\menu.obj
c:\workspace\metalslug\metalslug\debug\map.obj
c:\workspace\metalslug\metalslug\debug\loading.obj
c:\workspace\metalslug\metalslug\debug\uimgr.obj
c:\workspace\metalslug\metalslug\debug\inputmgr.obj
c:\workspace\metalslug\metalslug\debug\istring.obj
c:\workspace\metalslug\metalslug\debug\istd.obj
c:\workspace\metalslug\metalslug\debug\isize.obj
c:\workspace\metalslug\metalslug\debug\irect.obj
c:\workspace\metalslug\metalslug\debug\ipopup.obj
c:\workspace\metalslug\metalslug\debug\ipoint.obj
c:\workspace\metalslug\metalslug\debug\iopengl.obj
c:\workspace\metalslug\metalslug\debug\imatrix.obj
c:\workspace\metalslug\metalslug\debug\iimage.obj
c:\workspace\metalslug\metalslug\debug\igraphics.obj
c:\workspace\metalslug\metalslug\debug\icolor.obj
c:\workspace\metalslug\metalslug\debug\iarray.obj
c:\workspace\metalslug\metalslug\debug\sorting.obj
c:\workspace\metalslug\metalslug\debug\procnpc.obj
c:\workspace\metalslug\metalslug\debug\kessie.obj
c:\workspace\metalslug\metalslug\debug\select.obj
c:\workspace\metalslug\metalslug\debug\procitem.obj
c:\workspace\metalslug\metalslug\debug\ichimondi.obj
c:\workspace\metalslug\metalslug\debug\statusui.obj
c:\workspace\metalslug\metalslug\debug\imgmgr.obj
c:\workspace\metalslug\metalslug\debug\iwindow.obj
c:\workspace\metalslug\metalslug\debug\iutil.obj
c:\workspace\metalslug\metalslug\debug\istrtex.obj
c:\workspace\metalslug\metalslug\debug\glew.obj
c:\workspace\metalslug\metalslug\debug\arabcamel.obj
c:\workspace\metalslug\debug\metalslug.exe
c:\workspace\metalslug\metalslug\debug\metalslug.ilk
c:\workspace\metalslug\debug\metalslug.pdb
c:\workspace\metalslug\debug\metalslug.lib
c:\workspace\metalslug\debug\metalslug.exp
c:\workspace\metalslug\metalslug\debug\metalslug.res
c:\workspace\metalslug\metalslug\debug\arabcamel.obj.enc
c:\workspace\metalslug\metalslug\debug\enemymgr.obj.enc
c:\workspace\metalslug\metalslug\debug\metalslug.tlog\cl.command.1.tlog
c:\workspace\metalslug\metalslug\debug\metalslug.tlog\cl.read.1.tlog
c:\workspace\metalslug\metalslug\debug\metalslug.tlog\cl.write.1.tlog
c:\workspace\metalslug\metalslug\debug\metalslug.tlog\link.command.1.tlog
c:\workspace\metalslug\metalslug\debug\metalslug.tlog\link.read.1.tlog
c:\workspace\metalslug\metalslug\debug\metalslug.tlog\link.write.1.tlog
c:\workspace\metalslug\metalslug\debug\metalslug.tlog\metalslug.write.1u.tlog
c:\workspace\metalslug\metalslug\debug\metalslug.tlog\rc.command.1.tlog
c:\workspace\metalslug\metalslug\debug\metalslug.tlog\rc.read.1.tlog
c:\workspace\metalslug\metalslug\debug\metalslug.tlog\rc.write.1.tlog
